<?xml version="1.0" encoding="utf-8"?>
<coverage line-rate="0.1162" branch-rate="0.35479999999999995" version="1.9" timestamp="1759239877" lines-covered="181" lines-valid="1557" branches-covered="22" branches-valid="62">
  <sources>
    <source>D:\CB-Gift\CB-Gift\</source>
  </sources>
  <packages>
    <package name="CB-Gift" line-rate="0.1162" branch-rate="0.35479999999999995" complexity="243">
      <classes>
        <class name="Program/&lt;&lt;&lt;Main&gt;$&gt;g__SeedAdminAsync|0_5&gt;d" filename="Program.cs" line-rate="0" branch-rate="0" complexity="6">
          <methods>
            <method name="MoveNext" signature="()" line-rate="0" branch-rate="0" complexity="6">
              <lines>
                <line number="139" hits="0" branch="False" />
                <line number="140" hits="0" branch="False" />
                <line number="141" hits="0" branch="False" />
                <line number="143" hits="0" branch="False" />
                <line number="144" hits="0" branch="False" />
                <line number="146" hits="0" branch="True" condition-coverage="0% (0/2)">
                  <conditions>
                    <condition number="239" type="jump" coverage="0%" />
                  </conditions>
                </line>
                <line number="147" hits="0" branch="False" />
                <line number="148" hits="0" branch="False" />
                <line number="149" hits="0" branch="False" />
                <line number="151" hits="0" branch="False" />
                <line number="152" hits="0" branch="True" condition-coverage="0% (0/2)">
                  <conditions>
                    <condition number="504" type="jump" coverage="0%" />
                  </conditions>
                </line>
                <line number="153" hits="0" branch="False" />
                <line number="154" hits="0" branch="False" />
                <line number="155" hits="0" branch="False" />
                <line number="156" hits="0" branch="False" />
                <line number="157" hits="0" branch="False" />
                <line number="158" hits="0" branch="False" />
                <line number="159" hits="0" branch="False" />
                <line number="161" hits="0" branch="False" />
                <line number="162" hits="0" branch="True" condition-coverage="0% (0/2)">
                  <conditions>
                    <condition number="710" type="jump" coverage="0%" />
                  </conditions>
                </line>
                <line number="163" hits="0" branch="False" />
                <line number="164" hits="0" branch="False" />
                <line number="165" hits="0" branch="False" />
                <line number="166" hits="0" branch="False" />
                <line number="167" hits="0" branch="False" />
              </lines>
            </method>
          </methods>
          <lines>
            <line number="139" hits="0" branch="False" />
            <line number="140" hits="0" branch="False" />
            <line number="141" hits="0" branch="False" />
            <line number="143" hits="0" branch="False" />
            <line number="144" hits="0" branch="False" />
            <line number="146" hits="0" branch="True" condition-coverage="0% (0/2)">
              <conditions>
                <condition number="239" type="jump" coverage="0%" />
              </conditions>
            </line>
            <line number="147" hits="0" branch="False" />
            <line number="148" hits="0" branch="False" />
            <line number="149" hits="0" branch="False" />
            <line number="151" hits="0" branch="False" />
            <line number="152" hits="0" branch="True" condition-coverage="0% (0/2)">
              <conditions>
                <condition number="504" type="jump" coverage="0%" />
              </conditions>
            </line>
            <line number="153" hits="0" branch="False" />
            <line number="154" hits="0" branch="False" />
            <line number="155" hits="0" branch="False" />
            <line number="156" hits="0" branch="False" />
            <line number="157" hits="0" branch="False" />
            <line number="158" hits="0" branch="False" />
            <line number="159" hits="0" branch="False" />
            <line number="161" hits="0" branch="False" />
            <line number="162" hits="0" branch="True" condition-coverage="0% (0/2)">
              <conditions>
                <condition number="710" type="jump" coverage="0%" />
              </conditions>
            </line>
            <line number="163" hits="0" branch="False" />
            <line number="164" hits="0" branch="False" />
            <line number="165" hits="0" branch="False" />
            <line number="166" hits="0" branch="False" />
            <line number="167" hits="0" branch="False" />
          </lines>
        </class>
        <class name="Program/&lt;&lt;&lt;Main&gt;$&gt;g__SeedRolesAsync|0_4&gt;d" filename="Program.cs" line-rate="0" branch-rate="0" complexity="4">
          <methods>
            <method name="MoveNext" signature="()" line-rate="0" branch-rate="0" complexity="4">
              <lines>
                <line number="126" hits="0" branch="False" />
                <line number="127" hits="0" branch="False" />
                <line number="128" hits="0" branch="False" />
                <line number="130" hits="0" branch="True" condition-coverage="0% (0/2)">
                  <conditions>
                    <condition number="429" type="jump" coverage="0%" />
                  </conditions>
                </line>
                <line number="131" hits="0" branch="False" />
                <line number="132" hits="0" branch="True" condition-coverage="0% (0/2)">
                  <conditions>
                    <condition number="274" type="jump" coverage="0%" />
                  </conditions>
                </line>
                <line number="133" hits="0" branch="False" />
                <line number="134" hits="0" branch="False" />
                <line number="135" hits="0" branch="False" />
                <line number="136" hits="0" branch="False" />
                <line number="137" hits="0" branch="False" />
              </lines>
            </method>
          </methods>
          <lines>
            <line number="126" hits="0" branch="False" />
            <line number="127" hits="0" branch="False" />
            <line number="128" hits="0" branch="False" />
            <line number="130" hits="0" branch="True" condition-coverage="0% (0/2)">
              <conditions>
                <condition number="429" type="jump" coverage="0%" />
              </conditions>
            </line>
            <line number="131" hits="0" branch="False" />
            <line number="132" hits="0" branch="True" condition-coverage="0% (0/2)">
              <conditions>
                <condition number="274" type="jump" coverage="0%" />
              </conditions>
            </line>
            <line number="133" hits="0" branch="False" />
            <line number="134" hits="0" branch="False" />
            <line number="135" hits="0" branch="False" />
            <line number="136" hits="0" branch="False" />
            <line number="137" hits="0" branch="False" />
          </lines>
        </class>
        <class name="Program/&lt;&lt;&lt;Main&gt;$&gt;g__SeedSellerAsync|0_6&gt;d" filename="Program.cs" line-rate="0" branch-rate="0" complexity="6">
          <methods>
            <method name="MoveNext" signature="()" line-rate="0" branch-rate="0" complexity="6">
              <lines>
                <line number="169" hits="0" branch="False" />
                <line number="170" hits="0" branch="False" />
                <line number="171" hits="0" branch="False" />
                <line number="173" hits="0" branch="False" />
                <line number="174" hits="0" branch="False" />
                <line number="176" hits="0" branch="True" condition-coverage="0% (0/2)">
                  <conditions>
                    <condition number="239" type="jump" coverage="0%" />
                  </conditions>
                </line>
                <line number="177" hits="0" branch="False" />
                <line number="178" hits="0" branch="False" />
                <line number="179" hits="0" branch="False" />
                <line number="180" hits="0" branch="False" />
                <line number="181" hits="0" branch="True" condition-coverage="0% (0/2)">
                  <conditions>
                    <condition number="504" type="jump" coverage="0%" />
                  </conditions>
                </line>
                <line number="182" hits="0" branch="False" />
                <line number="183" hits="0" branch="False" />
                <line number="184" hits="0" branch="False" />
                <line number="185" hits="0" branch="False" />
                <line number="186" hits="0" branch="False" />
                <line number="187" hits="0" branch="False" />
                <line number="188" hits="0" branch="False" />
                <line number="189" hits="0" branch="False" />
                <line number="190" hits="0" branch="True" condition-coverage="0% (0/2)">
                  <conditions>
                    <condition number="710" type="jump" coverage="0%" />
                  </conditions>
                </line>
                <line number="191" hits="0" branch="False" />
                <line number="192" hits="0" branch="False" />
                <line number="193" hits="0" branch="False" />
                <line number="194" hits="0" branch="False" />
                <line number="195" hits="0" branch="False" />
              </lines>
            </method>
          </methods>
          <lines>
            <line number="169" hits="0" branch="False" />
            <line number="170" hits="0" branch="False" />
            <line number="171" hits="0" branch="False" />
            <line number="173" hits="0" branch="False" />
            <line number="174" hits="0" branch="False" />
            <line number="176" hits="0" branch="True" condition-coverage="0% (0/2)">
              <conditions>
                <condition number="239" type="jump" coverage="0%" />
              </conditions>
            </line>
            <line number="177" hits="0" branch="False" />
            <line number="178" hits="0" branch="False" />
            <line number="179" hits="0" branch="False" />
            <line number="180" hits="0" branch="False" />
            <line number="181" hits="0" branch="True" condition-coverage="0% (0/2)">
              <conditions>
                <condition number="504" type="jump" coverage="0%" />
              </conditions>
            </line>
            <line number="182" hits="0" branch="False" />
            <line number="183" hits="0" branch="False" />
            <line number="184" hits="0" branch="False" />
            <line number="185" hits="0" branch="False" />
            <line number="186" hits="0" branch="False" />
            <line number="187" hits="0" branch="False" />
            <line number="188" hits="0" branch="False" />
            <line number="189" hits="0" branch="False" />
            <line number="190" hits="0" branch="True" condition-coverage="0% (0/2)">
              <conditions>
                <condition number="710" type="jump" coverage="0%" />
              </conditions>
            </line>
            <line number="191" hits="0" branch="False" />
            <line number="192" hits="0" branch="False" />
            <line number="193" hits="0" branch="False" />
            <line number="194" hits="0" branch="False" />
            <line number="195" hits="0" branch="False" />
          </lines>
        </class>
        <class name="Program/&lt;&lt;Main&gt;$&gt;d__0" filename="Program.cs" line-rate="0" branch-rate="0" complexity="4">
          <methods>
            <method name="MoveNext" signature="()" line-rate="0" branch-rate="0" complexity="4">
              <lines>
                <line number="13" hits="0" branch="False" />
                <line number="16" hits="0" branch="False" />
                <line number="17" hits="0" branch="False" />
                <line number="18" hits="0" branch="False" />
                <line number="19" hits="0" branch="False" />
                <line number="20" hits="0" branch="False" />
                <line number="21" hits="0" branch="False" />
                <line number="22" hits="0" branch="False" />
                <line number="23" hits="0" branch="False" />
                <line number="24" hits="0" branch="False" />
                <line number="25" hits="0" branch="False" />
                <line number="26" hits="0" branch="False" />
                <line number="27" hits="0" branch="False" />
                <line number="28" hits="0" branch="False" />
                <line number="29" hits="0" branch="False" />
                <line number="30" hits="0" branch="False" />
                <line number="31" hits="0" branch="False" />
                <line number="32" hits="0" branch="False" />
                <line number="33" hits="0" branch="False" />
                <line number="34" hits="0" branch="False" />
                <line number="35" hits="0" branch="False" />
                <line number="36" hits="0" branch="False" />
                <line number="37" hits="0" branch="False" />
                <line number="38" hits="0" branch="False" />
                <line number="39" hits="0" branch="False" />
                <line number="42" hits="0" branch="False" />
                <line number="43" hits="0" branch="False" />
                <line number="46" hits="0" branch="False" />
                <line number="47" hits="0" branch="False" />
                <line number="48" hits="0" branch="False" />
                <line number="49" hits="0" branch="False" />
                <line number="50" hits="0" branch="False" />
                <line number="51" hits="0" branch="False" />
                <line number="52" hits="0" branch="False" />
                <line number="53" hits="0" branch="False" />
                <line number="54" hits="0" branch="False" />
                <line number="55" hits="0" branch="False" />
                <line number="56" hits="0" branch="False" />
                <line number="57" hits="0" branch="False" />
                <line number="58" hits="0" branch="False" />
                <line number="61" hits="0" branch="False" />
                <line number="62" hits="0" branch="False" />
                <line number="63" hits="0" branch="False" />
                <line number="64" hits="0" branch="False" />
                <line number="65" hits="0" branch="False" />
                <line number="66" hits="0" branch="False" />
                <line number="67" hits="0" branch="False" />
                <line number="68" hits="0" branch="False" />
                <line number="69" hits="0" branch="False" />
                <line number="70" hits="0" branch="False" />
                <line number="71" hits="0" branch="False" />
                <line number="72" hits="0" branch="False" />
                <line number="73" hits="0" branch="False" />
                <line number="74" hits="0" branch="False" />
                <line number="75" hits="0" branch="False" />
                <line number="76" hits="0" branch="False" />
                <line number="77" hits="0" branch="False" />
                <line number="78" hits="0" branch="False" />
                <line number="79" hits="0" branch="False" />
                <line number="80" hits="0" branch="False" />
                <line number="81" hits="0" branch="False" />
                <line number="82" hits="0" branch="False" />
                <line number="83" hits="0" branch="True" condition-coverage="0% (0/2)">
                  <conditions>
                    <condition number="26" type="jump" coverage="0%" />
                  </conditions>
                </line>
                <line number="84" hits="0" branch="False" />
                <line number="85" hits="0" branch="False" />
                <line number="86" hits="0" branch="False" />
                <line number="87" hits="0" branch="False" />
                <line number="88" hits="0" branch="False" />
                <line number="90" hits="0" branch="False" />
                <line number="93" hits="0" branch="False" />
                <line number="95" hits="0" branch="False" />
                <line number="96" hits="0" branch="False" />
                <line number="97" hits="0" branch="False" />
                <line number="100" hits="0" branch="True" condition-coverage="0% (0/2)">
                  <conditions>
                    <condition number="439" type="jump" coverage="0%" />
                  </conditions>
                </line>
                <line number="101" hits="0" branch="False" />
                <line number="102" hits="0" branch="False" />
                <line number="103" hits="0" branch="False" />
                <line number="104" hits="0" branch="False" />
                <line number="106" hits="0" branch="False" />
                <line number="107" hits="0" branch="False" />
                <line number="108" hits="0" branch="False" />
                <line number="110" hits="0" branch="False" />
                <line number="113" hits="0" branch="False" />
                <line number="114" hits="0" branch="False" />
                <line number="115" hits="0" branch="False" />
                <line number="116" hits="0" branch="False" />
                <line number="117" hits="0" branch="False" />
                <line number="118" hits="0" branch="False" />
                <line number="119" hits="0" branch="False" />
                <line number="121" hits="0" branch="False" />
              </lines>
            </method>
          </methods>
          <lines>
            <line number="13" hits="0" branch="False" />
            <line number="16" hits="0" branch="False" />
            <line number="17" hits="0" branch="False" />
            <line number="18" hits="0" branch="False" />
            <line number="19" hits="0" branch="False" />
            <line number="20" hits="0" branch="False" />
            <line number="21" hits="0" branch="False" />
            <line number="22" hits="0" branch="False" />
            <line number="23" hits="0" branch="False" />
            <line number="24" hits="0" branch="False" />
            <line number="25" hits="0" branch="False" />
            <line number="26" hits="0" branch="False" />
            <line number="27" hits="0" branch="False" />
            <line number="28" hits="0" branch="False" />
            <line number="29" hits="0" branch="False" />
            <line number="30" hits="0" branch="False" />
            <line number="31" hits="0" branch="False" />
            <line number="32" hits="0" branch="False" />
            <line number="33" hits="0" branch="False" />
            <line number="34" hits="0" branch="False" />
            <line number="35" hits="0" branch="False" />
            <line number="36" hits="0" branch="False" />
            <line number="37" hits="0" branch="False" />
            <line number="38" hits="0" branch="False" />
            <line number="39" hits="0" branch="False" />
            <line number="42" hits="0" branch="False" />
            <line number="43" hits="0" branch="False" />
            <line number="46" hits="0" branch="False" />
            <line number="47" hits="0" branch="False" />
            <line number="48" hits="0" branch="False" />
            <line number="49" hits="0" branch="False" />
            <line number="50" hits="0" branch="False" />
            <line number="51" hits="0" branch="False" />
            <line number="52" hits="0" branch="False" />
            <line number="53" hits="0" branch="False" />
            <line number="54" hits="0" branch="False" />
            <line number="55" hits="0" branch="False" />
            <line number="56" hits="0" branch="False" />
            <line number="57" hits="0" branch="False" />
            <line number="58" hits="0" branch="False" />
            <line number="61" hits="0" branch="False" />
            <line number="62" hits="0" branch="False" />
            <line number="63" hits="0" branch="False" />
            <line number="64" hits="0" branch="False" />
            <line number="65" hits="0" branch="False" />
            <line number="66" hits="0" branch="False" />
            <line number="67" hits="0" branch="False" />
            <line number="68" hits="0" branch="False" />
            <line number="69" hits="0" branch="False" />
            <line number="70" hits="0" branch="False" />
            <line number="71" hits="0" branch="False" />
            <line number="72" hits="0" branch="False" />
            <line number="73" hits="0" branch="False" />
            <line number="74" hits="0" branch="False" />
            <line number="75" hits="0" branch="False" />
            <line number="76" hits="0" branch="False" />
            <line number="77" hits="0" branch="False" />
            <line number="78" hits="0" branch="False" />
            <line number="79" hits="0" branch="False" />
            <line number="80" hits="0" branch="False" />
            <line number="81" hits="0" branch="False" />
            <line number="82" hits="0" branch="False" />
            <line number="83" hits="0" branch="True" condition-coverage="0% (0/2)">
              <conditions>
                <condition number="26" type="jump" coverage="0%" />
              </conditions>
            </line>
            <line number="84" hits="0" branch="False" />
            <line number="85" hits="0" branch="False" />
            <line number="86" hits="0" branch="False" />
            <line number="87" hits="0" branch="False" />
            <line number="88" hits="0" branch="False" />
            <line number="90" hits="0" branch="False" />
            <line number="93" hits="0" branch="False" />
            <line number="95" hits="0" branch="False" />
            <line number="96" hits="0" branch="False" />
            <line number="97" hits="0" branch="False" />
            <line number="100" hits="0" branch="True" condition-coverage="0% (0/2)">
              <conditions>
                <condition number="439" type="jump" coverage="0%" />
              </conditions>
            </line>
            <line number="101" hits="0" branch="False" />
            <line number="102" hits="0" branch="False" />
            <line number="103" hits="0" branch="False" />
            <line number="104" hits="0" branch="False" />
            <line number="106" hits="0" branch="False" />
            <line number="107" hits="0" branch="False" />
            <line number="108" hits="0" branch="False" />
            <line number="110" hits="0" branch="False" />
            <line number="113" hits="0" branch="False" />
            <line number="114" hits="0" branch="False" />
            <line number="115" hits="0" branch="False" />
            <line number="116" hits="0" branch="False" />
            <line number="117" hits="0" branch="False" />
            <line number="118" hits="0" branch="False" />
            <line number="119" hits="0" branch="False" />
            <line number="121" hits="0" branch="False" />
          </lines>
        </class>
        <class name="CB_Gift.WeatherForecast" filename="WeatherForecast.cs" line-rate="0" branch-rate="1" complexity="4">
          <methods>
            <method name="get_Date" signature="()" line-rate="0" branch-rate="1" complexity="1">
              <lines>
                <line number="5" hits="0" branch="False" />
              </lines>
            </method>
            <method name="get_TemperatureC" signature="()" line-rate="0" branch-rate="1" complexity="1">
              <lines>
                <line number="7" hits="0" branch="False" />
              </lines>
            </method>
            <method name="get_TemperatureF" signature="()" line-rate="0" branch-rate="1" complexity="1">
              <lines>
                <line number="9" hits="0" branch="False" />
              </lines>
            </method>
            <method name="get_Summary" signature="()" line-rate="0" branch-rate="1" complexity="1">
              <lines>
                <line number="11" hits="0" branch="False" />
              </lines>
            </method>
          </methods>
          <lines>
            <line number="5" hits="0" branch="False" />
            <line number="7" hits="0" branch="False" />
            <line number="9" hits="0" branch="False" />
            <line number="11" hits="0" branch="False" />
          </lines>
        </class>
        <class name="CB_Gift.Services.AccountService" filename="Services\AccountService.cs" line-rate="1" branch-rate="1" complexity="3">
          <methods>
            <method name="GenerateRandomPassword" signature="(System.Int32)" line-rate="1" branch-rate="1" complexity="2">
              <lines>
                <line number="73" hits="2" branch="False" />
                <line number="75" hits="2" branch="False" />
                <line number="76" hits="2" branch="False" />
                <line number="77" hits="28" branch="True" condition-coverage="100% (2/2)">
                  <conditions>
                    <condition number="59" type="jump" coverage="100%" />
                  </conditions>
                </line>
                <line number="78" hits="12" branch="False" />
                <line number="79" hits="12" branch="False" />
                <line number="80" hits="12" branch="False" />
                <line number="81" hits="2" branch="False" />
                <line number="82" hits="2" branch="False" />
              </lines>
            </method>
            <method name=".ctor" signature="(Microsoft.AspNetCore.Identity.UserManager`1&lt;CB_Gift.Data.AppUser&gt;,CB_Gift.Services.Email.IEmailSender)" line-rate="1" branch-rate="1" complexity="1">
              <lines>
                <line number="15" hits="5" branch="False" />
                <line number="16" hits="5" branch="False" />
                <line number="17" hits="5" branch="False" />
                <line number="18" hits="5" branch="False" />
                <line number="19" hits="5" branch="False" />
              </lines>
            </method>
          </methods>
          <lines>
            <line number="73" hits="2" branch="False" />
            <line number="75" hits="2" branch="False" />
            <line number="76" hits="2" branch="False" />
            <line number="77" hits="28" branch="True" condition-coverage="100% (2/2)">
              <conditions>
                <condition number="59" type="jump" coverage="100%" />
              </conditions>
            </line>
            <line number="78" hits="12" branch="False" />
            <line number="79" hits="12" branch="False" />
            <line number="80" hits="12" branch="False" />
            <line number="81" hits="2" branch="False" />
            <line number="82" hits="2" branch="False" />
            <line number="15" hits="5" branch="False" />
            <line number="16" hits="5" branch="False" />
            <line number="17" hits="5" branch="False" />
            <line number="18" hits="5" branch="False" />
            <line number="19" hits="5" branch="False" />
          </lines>
        </class>
        <class name="CB_Gift.Services.AccountService/&lt;&gt;c" filename="Services\AccountService.cs" line-rate="1" branch-rate="1" complexity="1">
          <methods>
            <method name="&lt;RegisterAsync&gt;b__3_0" signature="(Microsoft.AspNetCore.Identity.IdentityError)" line-rate="1" branch-rate="1" complexity="1">
              <lines>
                <line number="46" hits="2" branch="False" />
              </lines>
            </method>
          </methods>
          <lines>
            <line number="46" hits="2" branch="False" />
          </lines>
        </class>
        <class name="CB_Gift.Services.AccountService/&lt;RegisterAsync&gt;d__3" filename="Services\AccountService.cs" line-rate="1" branch-rate="1" complexity="4">
          <methods>
            <method name="MoveNext" signature="()" line-rate="1" branch-rate="1" complexity="4">
              <lines>
                <line number="22" hits="3" branch="False" />
                <line number="23" hits="3" branch="False" />
                <line number="24" hits="3" branch="True" condition-coverage="100% (2/2)">
                  <conditions>
                    <condition number="194" type="jump" coverage="100%" />
                  </conditions>
                </line>
                <line number="25" hits="1" branch="False" />
                <line number="26" hits="1" branch="False" />
                <line number="27" hits="1" branch="False" />
                <line number="28" hits="1" branch="False" />
                <line number="29" hits="1" branch="False" />
                <line number="30" hits="1" branch="False" />
                <line number="34" hits="2" branch="False" />
                <line number="36" hits="2" branch="False" />
                <line number="37" hits="2" branch="False" />
                <line number="38" hits="2" branch="False" />
                <line number="39" hits="2" branch="False" />
                <line number="40" hits="2" branch="False" />
                <line number="41" hits="2" branch="False" />
                <line number="43" hits="2" branch="False" />
                <line number="44" hits="2" branch="True" condition-coverage="100% (2/2)">
                  <conditions>
                    <condition number="464" type="jump" coverage="100%" />
                  </conditions>
                </line>
                <line number="45" hits="1" branch="False" />
                <line number="47" hits="1" branch="False" />
                <line number="48" hits="1" branch="False" />
                <line number="49" hits="1" branch="False" />
                <line number="50" hits="1" branch="False" />
                <line number="51" hits="1" branch="False" />
                <line number="55" hits="1" branch="False" />
                <line number="57" hits="1" branch="False" />
                <line number="58" hits="1" branch="False" />
                <line number="59" hits="1" branch="False" />
                <line number="60" hits="1" branch="False" />
                <line number="61" hits="1" branch="False" />
                <line number="62" hits="1" branch="False" />
                <line number="64" hits="1" branch="False" />
                <line number="65" hits="1" branch="False" />
                <line number="66" hits="1" branch="False" />
                <line number="67" hits="1" branch="False" />
                <line number="68" hits="1" branch="False" />
                <line number="69" hits="1" branch="False" />
                <line number="70" hits="3" branch="False" />
              </lines>
            </method>
          </methods>
          <lines>
            <line number="22" hits="3" branch="False" />
            <line number="23" hits="3" branch="False" />
            <line number="24" hits="3" branch="True" condition-coverage="100% (2/2)">
              <conditions>
                <condition number="194" type="jump" coverage="100%" />
              </conditions>
            </line>
            <line number="25" hits="1" branch="False" />
            <line number="26" hits="1" branch="False" />
            <line number="27" hits="1" branch="False" />
            <line number="28" hits="1" branch="False" />
            <line number="29" hits="1" branch="False" />
            <line number="30" hits="1" branch="False" />
            <line number="34" hits="2" branch="False" />
            <line number="36" hits="2" branch="False" />
            <line number="37" hits="2" branch="False" />
            <line number="38" hits="2" branch="False" />
            <line number="39" hits="2" branch="False" />
            <line number="40" hits="2" branch="False" />
            <line number="41" hits="2" branch="False" />
            <line number="43" hits="2" branch="False" />
            <line number="44" hits="2" branch="True" condition-coverage="100% (2/2)">
              <conditions>
                <condition number="464" type="jump" coverage="100%" />
              </conditions>
            </line>
            <line number="45" hits="1" branch="False" />
            <line number="47" hits="1" branch="False" />
            <line number="48" hits="1" branch="False" />
            <line number="49" hits="1" branch="False" />
            <line number="50" hits="1" branch="False" />
            <line number="51" hits="1" branch="False" />
            <line number="55" hits="1" branch="False" />
            <line number="57" hits="1" branch="False" />
            <line number="58" hits="1" branch="False" />
            <line number="59" hits="1" branch="False" />
            <line number="60" hits="1" branch="False" />
            <line number="61" hits="1" branch="False" />
            <line number="62" hits="1" branch="False" />
            <line number="64" hits="1" branch="False" />
            <line number="65" hits="1" branch="False" />
            <line number="66" hits="1" branch="False" />
            <line number="67" hits="1" branch="False" />
            <line number="68" hits="1" branch="False" />
            <line number="69" hits="1" branch="False" />
            <line number="70" hits="3" branch="False" />
          </lines>
        </class>
        <class name="CB_Gift.Services.AccountService/&lt;SendResetPasswordEmailAsync&gt;d__6" filename="Services\AccountService.cs" line-rate="1" branch-rate="1" complexity="1">
          <methods>
            <method name="MoveNext" signature="()" line-rate="1" branch-rate="1" complexity="1">
              <lines>
                <line number="102" hits="2" branch="False" />
                <line number="103" hits="2" branch="False" />
                <line number="104" hits="2" branch="False" />
                <line number="105" hits="2" branch="False" />
                <line number="106" hits="2" branch="False" />
                <line number="107" hits="2" branch="False" />
                <line number="108" hits="2" branch="False" />
                <line number="109" hits="2" branch="False" />
                <line number="110" hits="2" branch="False" />
                <line number="111" hits="2" branch="False" />
                <line number="112" hits="2" branch="False" />
                <line number="114" hits="2" branch="False" />
                <line number="115" hits="2" branch="False" />
              </lines>
            </method>
          </methods>
          <lines>
            <line number="102" hits="2" branch="False" />
            <line number="103" hits="2" branch="False" />
            <line number="104" hits="2" branch="False" />
            <line number="105" hits="2" branch="False" />
            <line number="106" hits="2" branch="False" />
            <line number="107" hits="2" branch="False" />
            <line number="108" hits="2" branch="False" />
            <line number="109" hits="2" branch="False" />
            <line number="110" hits="2" branch="False" />
            <line number="111" hits="2" branch="False" />
            <line number="112" hits="2" branch="False" />
            <line number="114" hits="2" branch="False" />
            <line number="115" hits="2" branch="False" />
          </lines>
        </class>
        <class name="CB_Gift.Services.AccountService/&lt;SendWelcomeEmailAsync&gt;d__5" filename="Services\AccountService.cs" line-rate="1" branch-rate="1" complexity="1">
          <methods>
            <method name="MoveNext" signature="()" line-rate="1" branch-rate="1" complexity="1">
              <lines>
                <line number="85" hits="1" branch="False" />
                <line number="86" hits="1" branch="False" />
                <line number="87" hits="1" branch="False" />
                <line number="88" hits="1" branch="False" />
                <line number="89" hits="1" branch="False" />
                <line number="90" hits="1" branch="False" />
                <line number="91" hits="1" branch="False" />
                <line number="92" hits="1" branch="False" />
                <line number="93" hits="1" branch="False" />
                <line number="94" hits="1" branch="False" />
                <line number="95" hits="1" branch="False" />
                <line number="96" hits="1" branch="False" />
                <line number="98" hits="1" branch="False" />
                <line number="99" hits="1" branch="False" />
              </lines>
            </method>
          </methods>
          <lines>
            <line number="85" hits="1" branch="False" />
            <line number="86" hits="1" branch="False" />
            <line number="87" hits="1" branch="False" />
            <line number="88" hits="1" branch="False" />
            <line number="89" hits="1" branch="False" />
            <line number="90" hits="1" branch="False" />
            <line number="91" hits="1" branch="False" />
            <line number="92" hits="1" branch="False" />
            <line number="93" hits="1" branch="False" />
            <line number="94" hits="1" branch="False" />
            <line number="95" hits="1" branch="False" />
            <line number="96" hits="1" branch="False" />
            <line number="98" hits="1" branch="False" />
            <line number="99" hits="1" branch="False" />
          </lines>
        </class>
        <class name="CB_Gift.Services.JwtTokenService" filename="Services\JwtTokenService.cs" line-rate="1" branch-rate="1" complexity="1">
          <methods>
            <method name=".ctor" signature="(Microsoft.Extensions.Configuration.IConfiguration,Microsoft.AspNetCore.Identity.UserManager`1&lt;CB_Gift.Data.AppUser&gt;)" line-rate="1" branch-rate="1" complexity="1">
              <lines>
                <line number="16" hits="3" branch="False" />
                <line number="17" hits="3" branch="False" />
                <line number="18" hits="3" branch="False" />
                <line number="19" hits="3" branch="False" />
                <line number="20" hits="3" branch="False" />
              </lines>
            </method>
          </methods>
          <lines>
            <line number="16" hits="3" branch="False" />
            <line number="17" hits="3" branch="False" />
            <line number="18" hits="3" branch="False" />
            <line number="19" hits="3" branch="False" />
            <line number="20" hits="3" branch="False" />
          </lines>
        </class>
        <class name="CB_Gift.Services.JwtTokenService/&lt;&gt;c" filename="Services\JwtTokenService.cs" line-rate="1" branch-rate="1" complexity="1">
          <methods>
            <method name="&lt;CreateTokenAsync&gt;b__3_0" signature="(System.String)" line-rate="1" branch-rate="1" complexity="1">
              <lines>
                <line number="33" hits="8" branch="False" />
              </lines>
            </method>
          </methods>
          <lines>
            <line number="33" hits="8" branch="False" />
          </lines>
        </class>
        <class name="CB_Gift.Services.JwtTokenService/&lt;CreateTokenAsync&gt;d__3" filename="Services\JwtTokenService.cs" line-rate="1" branch-rate="0.625" complexity="8">
          <methods>
            <method name="MoveNext" signature="()" line-rate="1" branch-rate="0.625" complexity="8">
              <lines>
                <line number="23" hits="4" branch="False" />
                <line number="24" hits="4" branch="False" />
                <line number="25" hits="4" branch="False" />
                <line number="26" hits="4" branch="True" condition-coverage="50% (3/6)">
                  <conditions>
                    <condition number="230" type="jump" coverage="50%" />
                    <condition number="267" type="jump" coverage="50%" />
                    <condition number="304" type="jump" coverage="50%" />
                  </conditions>
                </line>
                <line number="27" hits="4" branch="False" />
                <line number="28" hits="4" branch="False" />
                <line number="29" hits="4" branch="False" />
                <line number="30" hits="4" branch="False" />
                <line number="31" hits="4" branch="False" />
                <line number="32" hits="4" branch="False" />
                <line number="35" hits="4" branch="False" />
                <line number="36" hits="4" branch="False" />
                <line number="37" hits="4" branch="True" condition-coverage="100% (2/2)">
                  <conditions>
                    <condition number="478" type="jump" coverage="100%" />
                  </conditions>
                </line>
                <line number="39" hits="4" branch="False" />
                <line number="40" hits="4" branch="False" />
                <line number="41" hits="4" branch="False" />
                <line number="42" hits="4" branch="False" />
                <line number="43" hits="4" branch="False" />
                <line number="44" hits="4" branch="False" />
                <line number="45" hits="4" branch="False" />
                <line number="47" hits="4" branch="False" />
                <line number="48" hits="4" branch="False" />
              </lines>
            </method>
          </methods>
          <lines>
            <line number="23" hits="4" branch="False" />
            <line number="24" hits="4" branch="False" />
            <line number="25" hits="4" branch="False" />
            <line number="26" hits="4" branch="True" condition-coverage="50% (3/6)">
              <conditions>
                <condition number="230" type="jump" coverage="50%" />
                <condition number="267" type="jump" coverage="50%" />
                <condition number="304" type="jump" coverage="50%" />
              </conditions>
            </line>
            <line number="27" hits="4" branch="False" />
            <line number="28" hits="4" branch="False" />
            <line number="29" hits="4" branch="False" />
            <line number="30" hits="4" branch="False" />
            <line number="31" hits="4" branch="False" />
            <line number="32" hits="4" branch="False" />
            <line number="35" hits="4" branch="False" />
            <line number="36" hits="4" branch="False" />
            <line number="37" hits="4" branch="True" condition-coverage="100% (2/2)">
              <conditions>
                <condition number="478" type="jump" coverage="100%" />
              </conditions>
            </line>
            <line number="39" hits="4" branch="False" />
            <line number="40" hits="4" branch="False" />
            <line number="41" hits="4" branch="False" />
            <line number="42" hits="4" branch="False" />
            <line number="43" hits="4" branch="False" />
            <line number="44" hits="4" branch="False" />
            <line number="45" hits="4" branch="False" />
            <line number="47" hits="4" branch="False" />
            <line number="48" hits="4" branch="False" />
          </lines>
        </class>
        <class name="CB_Gift.Services.Email.SmtpEmailSender" filename="Services\Email\SmtpEmailSender.cs" line-rate="1" branch-rate="1" complexity="1">
          <methods>
            <method name=".ctor" signature="(Microsoft.Extensions.Configuration.IConfiguration)" line-rate="1" branch-rate="1" complexity="1">
              <lines>
                <line number="11" hits="1" branch="False" />
                <line number="12" hits="1" branch="False" />
                <line number="13" hits="1" branch="False" />
                <line number="14" hits="1" branch="False" />
              </lines>
            </method>
          </methods>
          <lines>
            <line number="11" hits="1" branch="False" />
            <line number="12" hits="1" branch="False" />
            <line number="13" hits="1" branch="False" />
            <line number="14" hits="1" branch="False" />
          </lines>
        </class>
        <class name="CB_Gift.Services.Email.SmtpEmailSender/&lt;SendAsync&gt;d__2" filename="Services\Email\SmtpEmailSender.cs" line-rate="0.95" branch-rate="0.5" complexity="4">
          <methods>
            <method name="MoveNext" signature="()" line-rate="0.95" branch-rate="0.5" complexity="4">
              <lines>
                <line number="17" hits="1" branch="False" />
                <line number="18" hits="1" branch="True" condition-coverage="50% (1/2)">
                  <conditions>
                    <condition number="41" type="jump" coverage="50%" />
                  </conditions>
                </line>
                <line number="19" hits="1" branch="True" condition-coverage="50% (1/2)">
                  <conditions>
                    <condition number="77" type="jump" coverage="50%" />
                  </conditions>
                </line>
                <line number="20" hits="1" branch="False" />
                <line number="21" hits="1" branch="False" />
                <line number="23" hits="1" branch="False" />
                <line number="24" hits="1" branch="False" />
                <line number="25" hits="1" branch="False" />
                <line number="26" hits="1" branch="False" />
                <line number="27" hits="1" branch="False" />
                <line number="29" hits="1" branch="False" />
                <line number="30" hits="1" branch="False" />
                <line number="31" hits="1" branch="False" />
                <line number="32" hits="1" branch="False" />
                <line number="33" hits="1" branch="False" />
                <line number="34" hits="1" branch="False" />
                <line number="35" hits="1" branch="False" />
                <line number="36" hits="1" branch="False" />
                <line number="38" hits="1" branch="False" />
                <line number="39" hits="0" branch="False" />
              </lines>
            </method>
          </methods>
          <lines>
            <line number="17" hits="1" branch="False" />
            <line number="18" hits="1" branch="True" condition-coverage="50% (1/2)">
              <conditions>
                <condition number="41" type="jump" coverage="50%" />
              </conditions>
            </line>
            <line number="19" hits="1" branch="True" condition-coverage="50% (1/2)">
              <conditions>
                <condition number="77" type="jump" coverage="50%" />
              </conditions>
            </line>
            <line number="20" hits="1" branch="False" />
            <line number="21" hits="1" branch="False" />
            <line number="23" hits="1" branch="False" />
            <line number="24" hits="1" branch="False" />
            <line number="25" hits="1" branch="False" />
            <line number="26" hits="1" branch="False" />
            <line number="27" hits="1" branch="False" />
            <line number="29" hits="1" branch="False" />
            <line number="30" hits="1" branch="False" />
            <line number="31" hits="1" branch="False" />
            <line number="32" hits="1" branch="False" />
            <line number="33" hits="1" branch="False" />
            <line number="34" hits="1" branch="False" />
            <line number="35" hits="1" branch="False" />
            <line number="36" hits="1" branch="False" />
            <line number="38" hits="1" branch="False" />
            <line number="39" hits="0" branch="False" />
          </lines>
        </class>
        <class name="CB_Gift.Models.Category" filename="Models\Category.cs" line-rate="0" branch-rate="1" complexity="5">
          <methods>
            <method name="get_CategoryId" signature="()" line-rate="0" branch-rate="1" complexity="1">
              <lines>
                <line number="10" hits="0" branch="False" />
              </lines>
            </method>
            <method name="get_CategoryName" signature="()" line-rate="0" branch-rate="1" complexity="1">
              <lines>
                <line number="12" hits="0" branch="False" />
              </lines>
            </method>
            <method name="get_CategoryCode" signature="()" line-rate="0" branch-rate="1" complexity="1">
              <lines>
                <line number="14" hits="0" branch="False" />
              </lines>
            </method>
            <method name="get_Status" signature="()" line-rate="0" branch-rate="1" complexity="1">
              <lines>
                <line number="16" hits="0" branch="False" />
              </lines>
            </method>
            <method name="get_Products" signature="()" line-rate="0" branch-rate="1" complexity="1">
              <lines>
                <line number="18" hits="0" branch="False" />
              </lines>
            </method>
          </methods>
          <lines>
            <line number="10" hits="0" branch="False" />
            <line number="12" hits="0" branch="False" />
            <line number="14" hits="0" branch="False" />
            <line number="16" hits="0" branch="False" />
            <line number="18" hits="0" branch="False" />
          </lines>
        </class>
        <class name="CB_Gift.Models.DesignerSeller" filename="Models\DesignerSeller.cs" line-rate="0" branch-rate="1" complexity="4">
          <methods>
            <method name="get_DesignerUserId" signature="()" line-rate="0" branch-rate="1" complexity="1">
              <lines>
                <line number="10" hits="0" branch="False" />
              </lines>
            </method>
            <method name="get_SellerUserId" signature="()" line-rate="0" branch-rate="1" complexity="1">
              <lines>
                <line number="12" hits="0" branch="False" />
              </lines>
            </method>
            <method name="get_CreatedAt" signature="()" line-rate="0" branch-rate="1" complexity="1">
              <lines>
                <line number="14" hits="0" branch="False" />
              </lines>
            </method>
            <method name="get_CreatedByUserId" signature="()" line-rate="0" branch-rate="1" complexity="1">
              <lines>
                <line number="16" hits="0" branch="False" />
              </lines>
            </method>
          </methods>
          <lines>
            <line number="10" hits="0" branch="False" />
            <line number="12" hits="0" branch="False" />
            <line number="14" hits="0" branch="False" />
            <line number="16" hits="0" branch="False" />
          </lines>
        </class>
        <class name="CB_Gift.Models.EndCustomer" filename="Models\EndCustomer.cs" line-rate="0" branch-rate="1" complexity="11">
          <methods>
            <method name="get_CustId" signature="()" line-rate="0" branch-rate="1" complexity="1">
              <lines>
                <line number="10" hits="0" branch="False" />
              </lines>
            </method>
            <method name="get_Name" signature="()" line-rate="0" branch-rate="1" complexity="1">
              <lines>
                <line number="12" hits="0" branch="False" />
              </lines>
            </method>
            <method name="get_Phone" signature="()" line-rate="0" branch-rate="1" complexity="1">
              <lines>
                <line number="14" hits="0" branch="False" />
              </lines>
            </method>
            <method name="get_Email" signature="()" line-rate="0" branch-rate="1" complexity="1">
              <lines>
                <line number="16" hits="0" branch="False" />
              </lines>
            </method>
            <method name="get_Address" signature="()" line-rate="0" branch-rate="1" complexity="1">
              <lines>
                <line number="18" hits="0" branch="False" />
              </lines>
            </method>
            <method name="get_Address1" signature="()" line-rate="0" branch-rate="1" complexity="1">
              <lines>
                <line number="20" hits="0" branch="False" />
              </lines>
            </method>
            <method name="get_Zipcode" signature="()" line-rate="0" branch-rate="1" complexity="1">
              <lines>
                <line number="22" hits="0" branch="False" />
              </lines>
            </method>
            <method name="get_ShipState" signature="()" line-rate="0" branch-rate="1" complexity="1">
              <lines>
                <line number="24" hits="0" branch="False" />
              </lines>
            </method>
            <method name="get_ShipCity" signature="()" line-rate="0" branch-rate="1" complexity="1">
              <lines>
                <line number="26" hits="0" branch="False" />
              </lines>
            </method>
            <method name="get_ShipCountry" signature="()" line-rate="0" branch-rate="1" complexity="1">
              <lines>
                <line number="28" hits="0" branch="False" />
              </lines>
            </method>
            <method name="get_Orders" signature="()" line-rate="0" branch-rate="1" complexity="1">
              <lines>
                <line number="30" hits="0" branch="False" />
              </lines>
            </method>
          </methods>
          <lines>
            <line number="10" hits="0" branch="False" />
            <line number="12" hits="0" branch="False" />
            <line number="14" hits="0" branch="False" />
            <line number="16" hits="0" branch="False" />
            <line number="18" hits="0" branch="False" />
            <line number="20" hits="0" branch="False" />
            <line number="22" hits="0" branch="False" />
            <line number="24" hits="0" branch="False" />
            <line number="26" hits="0" branch="False" />
            <line number="28" hits="0" branch="False" />
            <line number="30" hits="0" branch="False" />
          </lines>
        </class>
        <class name="CB_Gift.Models.Order" filename="Models\Order.cs" line-rate="0" branch-rate="1" complexity="16">
          <methods>
            <method name="get_OrderId" signature="()" line-rate="0" branch-rate="1" complexity="1">
              <lines>
                <line number="10" hits="0" branch="False" />
              </lines>
            </method>
            <method name="get_OrderCode" signature="()" line-rate="0" branch-rate="1" complexity="1">
              <lines>
                <line number="12" hits="0" branch="False" />
              </lines>
            </method>
            <method name="get_OrderDate" signature="()" line-rate="0" branch-rate="1" complexity="1">
              <lines>
                <line number="14" hits="0" branch="False" />
              </lines>
            </method>
            <method name="get_EndCustomerId" signature="()" line-rate="0" branch-rate="1" complexity="1">
              <lines>
                <line number="16" hits="0" branch="False" />
              </lines>
            </method>
            <method name="get_SellerUserId" signature="()" line-rate="0" branch-rate="1" complexity="1">
              <lines>
                <line number="18" hits="0" branch="False" />
              </lines>
            </method>
            <method name="get_CreationDate" signature="()" line-rate="0" branch-rate="1" complexity="1">
              <lines>
                <line number="20" hits="0" branch="False" />
              </lines>
            </method>
            <method name="get_CostScan" signature="()" line-rate="0" branch-rate="1" complexity="1">
              <lines>
                <line number="22" hits="0" branch="False" />
              </lines>
            </method>
            <method name="get_ActiveTts" signature="()" line-rate="0" branch-rate="1" complexity="1">
              <lines>
                <line number="24" hits="0" branch="False" />
              </lines>
            </method>
            <method name="get_TotalCost" signature="()" line-rate="0" branch-rate="1" complexity="1">
              <lines>
                <line number="26" hits="0" branch="False" />
              </lines>
            </method>
            <method name="get_ProductionStatus" signature="()" line-rate="0" branch-rate="1" complexity="1">
              <lines>
                <line number="28" hits="0" branch="False" />
              </lines>
            </method>
            <method name="get_PaymentStatus" signature="()" line-rate="0" branch-rate="1" complexity="1">
              <lines>
                <line number="30" hits="0" branch="False" />
              </lines>
            </method>
            <method name="get_Tracking" signature="()" line-rate="0" branch-rate="1" complexity="1">
              <lines>
                <line number="32" hits="0" branch="False" />
              </lines>
            </method>
            <method name="get_StatusOrder" signature="()" line-rate="0" branch-rate="1" complexity="1">
              <lines>
                <line number="34" hits="0" branch="False" />
              </lines>
            </method>
            <method name="get_EndCustomer" signature="()" line-rate="0" branch-rate="1" complexity="1">
              <lines>
                <line number="36" hits="0" branch="False" />
              </lines>
            </method>
            <method name="get_OrderDetails" signature="()" line-rate="0" branch-rate="1" complexity="1">
              <lines>
                <line number="38" hits="0" branch="False" />
              </lines>
            </method>
            <method name="get_StatusOrderNavigation" signature="()" line-rate="0" branch-rate="1" complexity="1">
              <lines>
                <line number="40" hits="0" branch="False" />
              </lines>
            </method>
          </methods>
          <lines>
            <line number="10" hits="0" branch="False" />
            <line number="12" hits="0" branch="False" />
            <line number="14" hits="0" branch="False" />
            <line number="16" hits="0" branch="False" />
            <line number="18" hits="0" branch="False" />
            <line number="20" hits="0" branch="False" />
            <line number="22" hits="0" branch="False" />
            <line number="24" hits="0" branch="False" />
            <line number="26" hits="0" branch="False" />
            <line number="28" hits="0" branch="False" />
            <line number="30" hits="0" branch="False" />
            <line number="32" hits="0" branch="False" />
            <line number="34" hits="0" branch="False" />
            <line number="36" hits="0" branch="False" />
            <line number="38" hits="0" branch="False" />
            <line number="40" hits="0" branch="False" />
          </lines>
        </class>
        <class name="CB_Gift.Models.OrderDetail" filename="Models\OrderDetail.cs" line-rate="0" branch-rate="1" complexity="17">
          <methods>
            <method name="get_OrderDetailId" signature="()" line-rate="0" branch-rate="1" complexity="1">
              <lines>
                <line number="10" hits="0" branch="False" />
              </lines>
            </method>
            <method name="get_OrderId" signature="()" line-rate="0" branch-rate="1" complexity="1">
              <lines>
                <line number="12" hits="0" branch="False" />
              </lines>
            </method>
            <method name="get_ProductVariantId" signature="()" line-rate="0" branch-rate="1" complexity="1">
              <lines>
                <line number="14" hits="0" branch="False" />
              </lines>
            </method>
            <method name="get_LinkImg" signature="()" line-rate="0" branch-rate="1" complexity="1">
              <lines>
                <line number="16" hits="0" branch="False" />
              </lines>
            </method>
            <method name="get_LinkThanksCard" signature="()" line-rate="0" branch-rate="1" complexity="1">
              <lines>
                <line number="18" hits="0" branch="False" />
              </lines>
            </method>
            <method name="get_LinkFileDesign" signature="()" line-rate="0" branch-rate="1" complexity="1">
              <lines>
                <line number="20" hits="0" branch="False" />
              </lines>
            </method>
            <method name="get_Accessory" signature="()" line-rate="0" branch-rate="1" complexity="1">
              <lines>
                <line number="22" hits="0" branch="False" />
              </lines>
            </method>
            <method name="get_Note" signature="()" line-rate="0" branch-rate="1" complexity="1">
              <lines>
                <line number="24" hits="0" branch="False" />
              </lines>
            </method>
            <method name="get_CreatedDate" signature="()" line-rate="0" branch-rate="1" complexity="1">
              <lines>
                <line number="26" hits="0" branch="False" />
              </lines>
            </method>
            <method name="get_Quantity" signature="()" line-rate="0" branch-rate="1" complexity="1">
              <lines>
                <line number="28" hits="0" branch="False" />
              </lines>
            </method>
            <method name="get_NeedDesign" signature="()" line-rate="0" branch-rate="1" complexity="1">
              <lines>
                <line number="30" hits="0" branch="False" />
              </lines>
            </method>
            <method name="get_AssignedDesignerUserId" signature="()" line-rate="0" branch-rate="1" complexity="1">
              <lines>
                <line number="32" hits="0" branch="False" />
              </lines>
            </method>
            <method name="get_AssignedAt" signature="()" line-rate="0" branch-rate="1" complexity="1">
              <lines>
                <line number="34" hits="0" branch="False" />
              </lines>
            </method>
            <method name="get_Order" signature="()" line-rate="0" branch-rate="1" complexity="1">
              <lines>
                <line number="36" hits="0" branch="False" />
              </lines>
            </method>
            <method name="get_OrderDetailDesign" signature="()" line-rate="0" branch-rate="1" complexity="1">
              <lines>
                <line number="38" hits="0" branch="False" />
              </lines>
            </method>
            <method name="get_PlanDetails" signature="()" line-rate="0" branch-rate="1" complexity="1">
              <lines>
                <line number="40" hits="0" branch="False" />
              </lines>
            </method>
            <method name="get_ProductVariant" signature="()" line-rate="0" branch-rate="1" complexity="1">
              <lines>
                <line number="42" hits="0" branch="False" />
              </lines>
            </method>
          </methods>
          <lines>
            <line number="10" hits="0" branch="False" />
            <line number="12" hits="0" branch="False" />
            <line number="14" hits="0" branch="False" />
            <line number="16" hits="0" branch="False" />
            <line number="18" hits="0" branch="False" />
            <line number="20" hits="0" branch="False" />
            <line number="22" hits="0" branch="False" />
            <line number="24" hits="0" branch="False" />
            <line number="26" hits="0" branch="False" />
            <line number="28" hits="0" branch="False" />
            <line number="30" hits="0" branch="False" />
            <line number="32" hits="0" branch="False" />
            <line number="34" hits="0" branch="False" />
            <line number="36" hits="0" branch="False" />
            <line number="38" hits="0" branch="False" />
            <line number="40" hits="0" branch="False" />
            <line number="42" hits="0" branch="False" />
          </lines>
        </class>
        <class name="CB_Gift.Models.OrderDetailDesign" filename="Models\OrderDetailDesign.cs" line-rate="0" branch-rate="1" complexity="8">
          <methods>
            <method name="get_DesignId" signature="()" line-rate="0" branch-rate="1" complexity="1">
              <lines>
                <line number="10" hits="0" branch="False" />
              </lines>
            </method>
            <method name="get_OrderDetailId" signature="()" line-rate="0" branch-rate="1" complexity="1">
              <lines>
                <line number="12" hits="0" branch="False" />
              </lines>
            </method>
            <method name="get_DesignerUserId" signature="()" line-rate="0" branch-rate="1" complexity="1">
              <lines>
                <line number="14" hits="0" branch="False" />
              </lines>
            </method>
            <method name="get_FileUrl" signature="()" line-rate="0" branch-rate="1" complexity="1">
              <lines>
                <line number="16" hits="0" branch="False" />
              </lines>
            </method>
            <method name="get_Note" signature="()" line-rate="0" branch-rate="1" complexity="1">
              <lines>
                <line number="18" hits="0" branch="False" />
              </lines>
            </method>
            <method name="get_IsFinal" signature="()" line-rate="0" branch-rate="1" complexity="1">
              <lines>
                <line number="20" hits="0" branch="False" />
              </lines>
            </method>
            <method name="get_CreatedAt" signature="()" line-rate="0" branch-rate="1" complexity="1">
              <lines>
                <line number="22" hits="0" branch="False" />
              </lines>
            </method>
            <method name="get_OrderDetail" signature="()" line-rate="0" branch-rate="1" complexity="1">
              <lines>
                <line number="24" hits="0" branch="False" />
              </lines>
            </method>
          </methods>
          <lines>
            <line number="10" hits="0" branch="False" />
            <line number="12" hits="0" branch="False" />
            <line number="14" hits="0" branch="False" />
            <line number="16" hits="0" branch="False" />
            <line number="18" hits="0" branch="False" />
            <line number="20" hits="0" branch="False" />
            <line number="22" hits="0" branch="False" />
            <line number="24" hits="0" branch="False" />
          </lines>
        </class>
        <class name="CB_Gift.Models.OrderStatus" filename="Models\OrderStatus.cs" line-rate="0" branch-rate="1" complexity="4">
          <methods>
            <method name="get_StatusId" signature="()" line-rate="0" branch-rate="1" complexity="1">
              <lines>
                <line number="10" hits="0" branch="False" />
              </lines>
            </method>
            <method name="get_Code" signature="()" line-rate="0" branch-rate="1" complexity="1">
              <lines>
                <line number="12" hits="0" branch="False" />
              </lines>
            </method>
            <method name="get_NameVi" signature="()" line-rate="0" branch-rate="1" complexity="1">
              <lines>
                <line number="14" hits="0" branch="False" />
              </lines>
            </method>
            <method name="get_Orders" signature="()" line-rate="0" branch-rate="1" complexity="1">
              <lines>
                <line number="16" hits="0" branch="False" />
              </lines>
            </method>
          </methods>
          <lines>
            <line number="10" hits="0" branch="False" />
            <line number="12" hits="0" branch="False" />
            <line number="14" hits="0" branch="False" />
            <line number="16" hits="0" branch="False" />
          </lines>
        </class>
        <class name="CB_Gift.Models.Plan" filename="Models\Plan.cs" line-rate="0" branch-rate="1" complexity="8">
          <methods>
            <method name="get_PlanId" signature="()" line-rate="0" branch-rate="1" complexity="1">
              <lines>
                <line number="10" hits="0" branch="False" />
              </lines>
            </method>
            <method name="get_CreateDate" signature="()" line-rate="0" branch-rate="1" complexity="1">
              <lines>
                <line number="12" hits="0" branch="False" />
              </lines>
            </method>
            <method name="get_CreateByUserId" signature="()" line-rate="0" branch-rate="1" complexity="1">
              <lines>
                <line number="14" hits="0" branch="False" />
              </lines>
            </method>
            <method name="get_ApproveByUserId" signature="()" line-rate="0" branch-rate="1" complexity="1">
              <lines>
                <line number="16" hits="0" branch="False" />
              </lines>
            </method>
            <method name="get_ApproveDate" signature="()" line-rate="0" branch-rate="1" complexity="1">
              <lines>
                <line number="18" hits="0" branch="False" />
              </lines>
            </method>
            <method name="get_StartDatePlan" signature="()" line-rate="0" branch-rate="1" complexity="1">
              <lines>
                <line number="20" hits="0" branch="False" />
              </lines>
            </method>
            <method name="get_StopDatePlan" signature="()" line-rate="0" branch-rate="1" complexity="1">
              <lines>
                <line number="22" hits="0" branch="False" />
              </lines>
            </method>
            <method name="get_PlanDetails" signature="()" line-rate="0" branch-rate="1" complexity="1">
              <lines>
                <line number="24" hits="0" branch="False" />
              </lines>
            </method>
          </methods>
          <lines>
            <line number="10" hits="0" branch="False" />
            <line number="12" hits="0" branch="False" />
            <line number="14" hits="0" branch="False" />
            <line number="16" hits="0" branch="False" />
            <line number="18" hits="0" branch="False" />
            <line number="20" hits="0" branch="False" />
            <line number="22" hits="0" branch="False" />
            <line number="24" hits="0" branch="False" />
          </lines>
        </class>
        <class name="CB_Gift.Models.PlanDetail" filename="Models\PlanDetail.cs" line-rate="0" branch-rate="1" complexity="8">
          <methods>
            <method name="get_PlanDetailId" signature="()" line-rate="0" branch-rate="1" complexity="1">
              <lines>
                <line number="10" hits="0" branch="False" />
              </lines>
            </method>
            <method name="get_PlanId" signature="()" line-rate="0" branch-rate="1" complexity="1">
              <lines>
                <line number="12" hits="0" branch="False" />
              </lines>
            </method>
            <method name="get_OrderDetailId" signature="()" line-rate="0" branch-rate="1" complexity="1">
              <lines>
                <line number="14" hits="0" branch="False" />
              </lines>
            </method>
            <method name="get_StatusOrder" signature="()" line-rate="0" branch-rate="1" complexity="1">
              <lines>
                <line number="16" hits="0" branch="False" />
              </lines>
            </method>
            <method name="get_NumberOfFinishedProducts" signature="()" line-rate="0" branch-rate="1" complexity="1">
              <lines>
                <line number="18" hits="0" branch="False" />
              </lines>
            </method>
            <method name="get_OrderDetail" signature="()" line-rate="0" branch-rate="1" complexity="1">
              <lines>
                <line number="20" hits="0" branch="False" />
              </lines>
            </method>
            <method name="get_Plan" signature="()" line-rate="0" branch-rate="1" complexity="1">
              <lines>
                <line number="22" hits="0" branch="False" />
              </lines>
            </method>
            <method name="get_Qcs" signature="()" line-rate="0" branch-rate="1" complexity="1">
              <lines>
                <line number="24" hits="0" branch="False" />
              </lines>
            </method>
          </methods>
          <lines>
            <line number="10" hits="0" branch="False" />
            <line number="12" hits="0" branch="False" />
            <line number="14" hits="0" branch="False" />
            <line number="16" hits="0" branch="False" />
            <line number="18" hits="0" branch="False" />
            <line number="20" hits="0" branch="False" />
            <line number="22" hits="0" branch="False" />
            <line number="24" hits="0" branch="False" />
          </lines>
        </class>
        <class name="CB_Gift.Models.Product" filename="Models\Product.cs" line-rate="0" branch-rate="1" complexity="11">
          <methods>
            <method name="get_ProductId" signature="()" line-rate="0" branch-rate="1" complexity="1">
              <lines>
                <line number="10" hits="0" branch="False" />
              </lines>
            </method>
            <method name="get_CategoryId" signature="()" line-rate="0" branch-rate="1" complexity="1">
              <lines>
                <line number="12" hits="0" branch="False" />
              </lines>
            </method>
            <method name="get_ProductName" signature="()" line-rate="0" branch-rate="1" complexity="1">
              <lines>
                <line number="14" hits="0" branch="False" />
              </lines>
            </method>
            <method name="get_ProductCode" signature="()" line-rate="0" branch-rate="1" complexity="1">
              <lines>
                <line number="16" hits="0" branch="False" />
              </lines>
            </method>
            <method name="get_Status" signature="()" line-rate="0" branch-rate="1" complexity="1">
              <lines>
                <line number="18" hits="0" branch="False" />
              </lines>
            </method>
            <method name="get_ItemLink" signature="()" line-rate="0" branch-rate="1" complexity="1">
              <lines>
                <line number="20" hits="0" branch="False" />
              </lines>
            </method>
            <method name="get_Describe" signature="()" line-rate="0" branch-rate="1" complexity="1">
              <lines>
                <line number="22" hits="0" branch="False" />
              </lines>
            </method>
            <method name="get_Template" signature="()" line-rate="0" branch-rate="1" complexity="1">
              <lines>
                <line number="24" hits="0" branch="False" />
              </lines>
            </method>
            <method name="get_Category" signature="()" line-rate="0" branch-rate="1" complexity="1">
              <lines>
                <line number="26" hits="0" branch="False" />
              </lines>
            </method>
            <method name="get_ProductVariants" signature="()" line-rate="0" branch-rate="1" complexity="1">
              <lines>
                <line number="28" hits="0" branch="False" />
              </lines>
            </method>
            <method name="get_Tags" signature="()" line-rate="0" branch-rate="1" complexity="1">
              <lines>
                <line number="30" hits="0" branch="False" />
              </lines>
            </method>
          </methods>
          <lines>
            <line number="10" hits="0" branch="False" />
            <line number="12" hits="0" branch="False" />
            <line number="14" hits="0" branch="False" />
            <line number="16" hits="0" branch="False" />
            <line number="18" hits="0" branch="False" />
            <line number="20" hits="0" branch="False" />
            <line number="22" hits="0" branch="False" />
            <line number="24" hits="0" branch="False" />
            <line number="26" hits="0" branch="False" />
            <line number="28" hits="0" branch="False" />
            <line number="30" hits="0" branch="False" />
          </lines>
        </class>
        <class name="CB_Gift.Models.ProductVariant" filename="Models\ProductVariant.cs" line-rate="0" branch-rate="1" complexity="17">
          <methods>
            <method name="get_ProductVariantId" signature="()" line-rate="0" branch-rate="1" complexity="1">
              <lines>
                <line number="10" hits="0" branch="False" />
              </lines>
            </method>
            <method name="get_ProductId" signature="()" line-rate="0" branch-rate="1" complexity="1">
              <lines>
                <line number="12" hits="0" branch="False" />
              </lines>
            </method>
            <method name="get_LengthCm" signature="()" line-rate="0" branch-rate="1" complexity="1">
              <lines>
                <line number="14" hits="0" branch="False" />
              </lines>
            </method>
            <method name="get_HeightCm" signature="()" line-rate="0" branch-rate="1" complexity="1">
              <lines>
                <line number="16" hits="0" branch="False" />
              </lines>
            </method>
            <method name="get_WidthCm" signature="()" line-rate="0" branch-rate="1" complexity="1">
              <lines>
                <line number="18" hits="0" branch="False" />
              </lines>
            </method>
            <method name="get_WeightGram" signature="()" line-rate="0" branch-rate="1" complexity="1">
              <lines>
                <line number="20" hits="0" branch="False" />
              </lines>
            </method>
            <method name="get_ShipCost" signature="()" line-rate="0" branch-rate="1" complexity="1">
              <lines>
                <line number="22" hits="0" branch="False" />
              </lines>
            </method>
            <method name="get_BaseCost" signature="()" line-rate="0" branch-rate="1" complexity="1">
              <lines>
                <line number="24" hits="0" branch="False" />
              </lines>
            </method>
            <method name="get_ThicknessMm" signature="()" line-rate="0" branch-rate="1" complexity="1">
              <lines>
                <line number="26" hits="0" branch="False" />
              </lines>
            </method>
            <method name="get_SizeInch" signature="()" line-rate="0" branch-rate="1" complexity="1">
              <lines>
                <line number="28" hits="0" branch="False" />
              </lines>
            </method>
            <method name="get_Layer" signature="()" line-rate="0" branch-rate="1" complexity="1">
              <lines>
                <line number="30" hits="0" branch="False" />
              </lines>
            </method>
            <method name="get_CustomShape" signature="()" line-rate="0" branch-rate="1" complexity="1">
              <lines>
                <line number="32" hits="0" branch="False" />
              </lines>
            </method>
            <method name="get_Sku" signature="()" line-rate="0" branch-rate="1" complexity="1">
              <lines>
                <line number="34" hits="0" branch="False" />
              </lines>
            </method>
[...]
                <line number="32" hits="3" branch="False" />
                <line number="33" hits="3" branch="False" />
                <line number="34" hits="3" branch="False" />
              </lines>
            </method>
          </methods>
          <lines>
            <line number="72" hits="0" branch="False" />
            <line number="73" hits="0" branch="False" />
            <line number="74" hits="0" branch="False" />
            <line number="75" hits="0" branch="False" />
            <line number="76" hits="0" branch="False" />
            <line number="77" hits="0" branch="False" />
            <line number="79" hits="0" branch="False" />
            <line number="80" hits="0" branch="False" />
            <line number="22" hits="3" branch="False" />
            <line number="23" hits="3" branch="False" />
            <line number="24" hits="3" branch="False" />
            <line number="25" hits="3" branch="False" />
            <line number="26" hits="3" branch="False" />
            <line number="27" hits="3" branch="False" />
            <line number="28" hits="3" branch="False" />
            <line number="29" hits="3" branch="False" />
            <line number="30" hits="3" branch="False" />
            <line number="31" hits="3" branch="False" />
            <line number="32" hits="3" branch="False" />
            <line number="33" hits="3" branch="False" />
            <line number="34" hits="3" branch="False" />
          </lines>
        </class>
        <class name="CB_Gift.Controllers.AuthController/&lt;&gt;c" filename="Controllers\AuthController.cs" line-rate="0" branch-rate="1" complexity="2">
          <methods>
            <method name="&lt;ChangePassword&gt;b__9_0" signature="(Microsoft.AspNetCore.Identity.IdentityError)" line-rate="0" branch-rate="1" complexity="1">
              <lines>
                <line number="95" hits="0" branch="False" />
              </lines>
            </method>
            <method name="&lt;ResetPassword&gt;b__12_0" signature="(Microsoft.AspNetCore.Identity.IdentityError)" line-rate="0" branch-rate="1" complexity="1">
              <lines>
                <line number="156" hits="0" branch="False" />
              </lines>
            </method>
          </methods>
          <lines>
            <line number="95" hits="0" branch="False" />
            <line number="156" hits="0" branch="False" />
          </lines>
        </class>
        <class name="CB_Gift.Controllers.AuthController/&lt;ChangePassword&gt;d__9" filename="Controllers\AuthController.cs" line-rate="0" branch-rate="0" complexity="4">
          <methods>
            <method name="MoveNext" signature="()" line-rate="0" branch-rate="0" complexity="4">
              <lines>
                <line number="86" hits="0" branch="False" />
                <line number="87" hits="0" branch="False" />
                <line number="88" hits="0" branch="True" condition-coverage="0% (0/2)">
                  <conditions>
                    <condition number="180" type="jump" coverage="0%" />
                  </conditions>
                </line>
                <line number="90" hits="0" branch="False" />
                <line number="91" hits="0" branch="True" condition-coverage="0% (0/2)">
                  <conditions>
                    <condition number="378" type="jump" coverage="0%" />
                  </conditions>
                </line>
                <line number="92" hits="0" branch="False" />
                <line number="93" hits="0" branch="False" />
                <line number="94" hits="0" branch="False" />
                <line number="96" hits="0" branch="False" />
                <line number="98" hits="0" branch="False" />
                <line number="99" hits="0" branch="False" />
              </lines>
            </method>
          </methods>
          <lines>
            <line number="86" hits="0" branch="False" />
            <line number="87" hits="0" branch="False" />
            <line number="88" hits="0" branch="True" condition-coverage="0% (0/2)">
              <conditions>
                <condition number="180" type="jump" coverage="0%" />
              </conditions>
            </line>
            <line number="90" hits="0" branch="False" />
            <line number="91" hits="0" branch="True" condition-coverage="0% (0/2)">
              <conditions>
                <condition number="378" type="jump" coverage="0%" />
              </conditions>
            </line>
            <line number="92" hits="0" branch="False" />
            <line number="93" hits="0" branch="False" />
            <line number="94" hits="0" branch="False" />
            <line number="96" hits="0" branch="False" />
            <line number="98" hits="0" branch="False" />
            <line number="99" hits="0" branch="False" />
          </lines>
        </class>
        <class name="CB_Gift.Controllers.AuthController/&lt;ForgotPassword&gt;d__11" filename="Controllers\AuthController.cs" line-rate="0" branch-rate="0" complexity="4">
          <methods>
            <method name="MoveNext" signature="()" line-rate="0" branch-rate="0" complexity="4">
              <lines>
                <line number="119" hits="0" branch="False" />
                <line number="120" hits="0" branch="False" />
                <line number="121" hits="0" branch="True" condition-coverage="0% (0/4)">
                  <conditions>
                    <condition number="223" type="jump" coverage="0%" />
                    <condition number="373" type="jump" coverage="0%" />
                  </conditions>
                </line>
                <line number="122" hits="0" branch="False" />
                <line number="123" hits="0" branch="False" />
                <line number="126" hits="0" branch="False" />
                <line number="129" hits="0" branch="False" />
                <line number="131" hits="0" branch="False" />
                <line number="133" hits="0" branch="False" />
                <line number="134" hits="0" branch="False" />
                <line number="135" hits="0" branch="False" />
                <line number="136" hits="0" branch="False" />
                <line number="137" hits="0" branch="False" />
                <line number="138" hits="0" branch="False" />
                <line number="139" hits="0" branch="False" />
              </lines>
            </method>
          </methods>
          <lines>
            <line number="119" hits="0" branch="False" />
            <line number="120" hits="0" branch="False" />
            <line number="121" hits="0" branch="True" condition-coverage="0% (0/4)">
              <conditions>
                <condition number="223" type="jump" coverage="0%" />
                <condition number="373" type="jump" coverage="0%" />
              </conditions>
            </line>
            <line number="122" hits="0" branch="False" />
            <line number="123" hits="0" branch="False" />
            <line number="126" hits="0" branch="False" />
            <line number="129" hits="0" branch="False" />
            <line number="131" hits="0" branch="False" />
            <line number="133" hits="0" branch="False" />
            <line number="134" hits="0" branch="False" />
            <line number="135" hits="0" branch="False" />
            <line number="136" hits="0" branch="False" />
            <line number="137" hits="0" branch="False" />
            <line number="138" hits="0" branch="False" />
            <line number="139" hits="0" branch="False" />
          </lines>
        </class>
        <class name="CB_Gift.Controllers.AuthController/&lt;Login&gt;d__7" filename="Controllers\AuthController.cs" line-rate="1" branch-rate="0.9" complexity="10">
          <methods>
            <method name="MoveNext" signature="()" line-rate="1" branch-rate="0.9" complexity="10">
              <lines>
                <line number="40" hits="4" branch="False" />
                <line number="41" hits="4" branch="True" condition-coverage="100% (2/2)">
                  <conditions>
                    <condition number="189" type="jump" coverage="100%" />
                  </conditions>
                </line>
                <line number="42" hits="4" branch="False" />
                <line number="44" hits="4" branch="True" condition-coverage="100% (4/4)">
                  <conditions>
                    <condition number="370" type="jump" coverage="100%" />
                    <condition number="393" type="jump" coverage="100%" />
                  </conditions>
                </line>
                <line number="45" hits="2" branch="False" />
                <line number="47" hits="2" branch="False" />
                <line number="48" hits="2" branch="True" condition-coverage="100% (2/2)">
                  <conditions>
                    <condition number="591" type="jump" coverage="100%" />
                  </conditions>
                </line>
                <line number="49" hits="1" branch="False" />
                <line number="51" hits="1" branch="False" />
                <line number="53" hits="1" branch="True" condition-coverage="50% (1/2)">
                  <conditions>
                    <condition number="782" type="jump" coverage="50%" />
                  </conditions>
                </line>
                <line number="54" hits="1" branch="False" />
                <line number="56" hits="1" branch="False" />
                <line number="57" hits="1" branch="False" />
                <line number="58" hits="1" branch="False" />
                <line number="59" hits="1" branch="False" />
                <line number="60" hits="1" branch="False" />
                <line number="61" hits="1" branch="False" />
                <line number="62" hits="1" branch="False" />
                <line number="63" hits="1" branch="False" />
                <line number="65" hits="1" branch="False" />
                <line number="66" hits="4" branch="False" />
              </lines>
            </method>
          </methods>
          <lines>
            <line number="40" hits="4" branch="False" />
            <line number="41" hits="4" branch="True" condition-coverage="100% (2/2)">
              <conditions>
                <condition number="189" type="jump" coverage="100%" />
              </conditions>
            </line>
            <line number="42" hits="4" branch="False" />
            <line number="44" hits="4" branch="True" condition-coverage="100% (4/4)">
              <conditions>
                <condition number="370" type="jump" coverage="100%" />
                <condition number="393" type="jump" coverage="100%" />
              </conditions>
            </line>
            <line number="45" hits="2" branch="False" />
            <line number="47" hits="2" branch="False" />
            <line number="48" hits="2" branch="True" condition-coverage="100% (2/2)">
              <conditions>
                <condition number="591" type="jump" coverage="100%" />
              </conditions>
            </line>
            <line number="49" hits="1" branch="False" />
            <line number="51" hits="1" branch="False" />
            <line number="53" hits="1" branch="True" condition-coverage="50% (1/2)">
              <conditions>
                <condition number="782" type="jump" coverage="50%" />
              </conditions>
            </line>
            <line number="54" hits="1" branch="False" />
            <line number="56" hits="1" branch="False" />
            <line number="57" hits="1" branch="False" />
            <line number="58" hits="1" branch="False" />
            <line number="59" hits="1" branch="False" />
            <line number="60" hits="1" branch="False" />
            <line number="61" hits="1" branch="False" />
            <line number="62" hits="1" branch="False" />
            <line number="63" hits="1" branch="False" />
            <line number="65" hits="1" branch="False" />
            <line number="66" hits="4" branch="False" />
          </lines>
        </class>
        <class name="CB_Gift.Controllers.AuthController/&lt;Register&gt;d__10" filename="Controllers\AuthController.cs" line-rate="0" branch-rate="0" complexity="2">
          <methods>
            <method name="MoveNext" signature="()" line-rate="0" branch-rate="0" complexity="2">
              <lines>
                <line number="105" hits="0" branch="False" />
                <line number="106" hits="0" branch="False" />
                <line number="107" hits="0" branch="True" condition-coverage="0% (0/2)">
                  <conditions>
                    <condition number="169" type="jump" coverage="0%" />
                  </conditions>
                </line>
                <line number="108" hits="0" branch="False" />
                <line number="109" hits="0" branch="False" />
                <line number="112" hits="0" branch="False" />
                <line number="113" hits="0" branch="False" />
              </lines>
            </method>
          </methods>
          <lines>
            <line number="105" hits="0" branch="False" />
            <line number="106" hits="0" branch="False" />
            <line number="107" hits="0" branch="True" condition-coverage="0% (0/2)">
              <conditions>
                <condition number="169" type="jump" coverage="0%" />
              </conditions>
            </line>
            <line number="108" hits="0" branch="False" />
            <line number="109" hits="0" branch="False" />
            <line number="112" hits="0" branch="False" />
            <line number="113" hits="0" branch="False" />
          </lines>
        </class>
        <class name="CB_Gift.Controllers.AuthController/&lt;ResetPassword&gt;d__12" filename="Controllers\AuthController.cs" line-rate="0" branch-rate="0" complexity="4">
          <methods>
            <method name="MoveNext" signature="()" line-rate="0" branch-rate="0" complexity="4">
              <lines>
                <line number="145" hits="0" branch="False" />
                <line number="146" hits="0" branch="False" />
                <line number="147" hits="0" branch="True" condition-coverage="0% (0/2)">
                  <conditions>
                    <condition number="180" type="jump" coverage="0%" />
                  </conditions>
                </line>
                <line number="149" hits="0" branch="False" />
                <line number="151" hits="0" branch="True" condition-coverage="0% (0/2)">
                  <conditions>
                    <condition number="388" type="jump" coverage="0%" />
                  </conditions>
                </line>
                <line number="152" hits="0" branch="False" />
                <line number="153" hits="0" branch="False" />
                <line number="154" hits="0" branch="False" />
                <line number="155" hits="0" branch="False" />
                <line number="157" hits="0" branch="False" />
                <line number="160" hits="0" branch="False" />
                <line number="161" hits="0" branch="False" />
              </lines>
            </method>
          </methods>
          <lines>
            <line number="145" hits="0" branch="False" />
            <line number="146" hits="0" branch="False" />
            <line number="147" hits="0" branch="True" condition-coverage="0% (0/2)">
              <conditions>
                <condition number="180" type="jump" coverage="0%" />
              </conditions>
            </line>
            <line number="149" hits="0" branch="False" />
            <line number="151" hits="0" branch="True" condition-coverage="0% (0/2)">
              <conditions>
                <condition number="388" type="jump" coverage="0%" />
              </conditions>
            </line>
            <line number="152" hits="0" branch="False" />
            <line number="153" hits="0" branch="False" />
            <line number="154" hits="0" branch="False" />
            <line number="155" hits="0" branch="False" />
            <line number="157" hits="0" branch="False" />
            <line number="160" hits="0" branch="False" />
            <line number="161" hits="0" branch="False" />
          </lines>
        </class>
        <class name="CB_Gift.Controllers.SellerController" filename="Controllers\SellerController.cs" line-rate="0" branch-rate="1" complexity="1">
          <methods>
            <method name="Index" signature="()" line-rate="0" branch-rate="1" complexity="1">
              <lines>
                <line number="10" hits="0" branch="False" />
                <line number="11" hits="0" branch="False" />
                <line number="12" hits="0" branch="False" />
              </lines>
            </method>
          </methods>
          <lines>
            <line number="10" hits="0" branch="False" />
            <line number="11" hits="0" branch="False" />
            <line number="12" hits="0" branch="False" />
          </lines>
        </class>
        <class name="CB_Gift.Controllers.WeatherForecastController" filename="Controllers\WeatherForecastController.cs" line-rate="0" branch-rate="1" complexity="3">
          <methods>
            <method name="Get" signature="()" line-rate="0" branch-rate="1" complexity="1">
              <lines>
                <line number="25" hits="0" branch="False" />
                <line number="26" hits="0" branch="False" />
                <line number="27" hits="0" branch="False" />
                <line number="28" hits="0" branch="False" />
                <line number="29" hits="0" branch="False" />
                <line number="30" hits="0" branch="False" />
                <line number="31" hits="0" branch="False" />
                <line number="32" hits="0" branch="False" />
                <line number="33" hits="0" branch="False" />
              </lines>
            </method>
            <method name=".ctor" signature="(Microsoft.Extensions.Logging.ILogger`1&lt;CB_Gift.Controllers.WeatherForecastController&gt;)" line-rate="0" branch-rate="1" complexity="1">
              <lines>
                <line number="18" hits="0" branch="False" />
                <line number="19" hits="0" branch="False" />
                <line number="20" hits="0" branch="False" />
                <line number="21" hits="0" branch="False" />
              </lines>
            </method>
            <method name=".cctor" signature="()" line-rate="0" branch-rate="1" complexity="1">
              <lines>
                <line number="11" hits="0" branch="False" />
                <line number="12" hits="0" branch="False" />
                <line number="13" hits="0" branch="False" />
                <line number="14" hits="0" branch="False" />
              </lines>
            </method>
          </methods>
          <lines>
            <line number="25" hits="0" branch="False" />
            <line number="26" hits="0" branch="False" />
            <line number="27" hits="0" branch="False" />
            <line number="28" hits="0" branch="False" />
            <line number="29" hits="0" branch="False" />
            <line number="30" hits="0" branch="False" />
            <line number="31" hits="0" branch="False" />
            <line number="32" hits="0" branch="False" />
            <line number="33" hits="0" branch="False" />
            <line number="18" hits="0" branch="False" />
            <line number="19" hits="0" branch="False" />
            <line number="20" hits="0" branch="False" />
            <line number="21" hits="0" branch="False" />
            <line number="11" hits="0" branch="False" />
            <line number="12" hits="0" branch="False" />
            <line number="13" hits="0" branch="False" />
            <line number="14" hits="0" branch="False" />
          </lines>
        </class>
      </classes>
    </package>
  </packages>
</coverage>